Determining if the pthread_create exist failed with the following output:
Change Dir: /home/iclab/Desktop/cat/build/CMakeFiles/CMakeTmp

Run Build Command:"/usr/bin/make" "cmTC_696aa/fast"
/usr/bin/make -f CMakeFiles/cmTC_696aa.dir/build.make CMakeFiles/cmTC_696aa.dir/build
make[1]: Entering directory '/home/iclab/Desktop/cat/build/CMakeFiles/CMakeTmp'
Building C object CMakeFiles/cmTC_696aa.dir/CheckSymbolExists.c.o
/usr/bin/cc     -o CMakeFiles/cmTC_696aa.dir/CheckSymbolExists.c.o   -c /home/iclab/Desktop/cat/build/CMakeFiles/CMakeTmp/CheckSymbolExists.c
Linking C executable cmTC_696aa
/usr/bin/cmake -E cmake_link_script CMakeFiles/cmTC_696aa.dir/link.txt --verbose=1
/usr/bin/cc       CMakeFiles/cmTC_696aa.dir/CheckSymbolExists.c.o  -o cmTC_696aa -rdynamic 
CMakeFiles/cmTC_696aa.dir/CheckSymbolExists.c.o: In function `main':
CheckSymbolExists.c:(.text+0x16): undefined reference to `pthread_create'
collect2: error: ld returned 1 exit status
CMakeFiles/cmTC_696aa.dir/build.make:97: recipe for target 'cmTC_696aa' failed
make[1]: *** [cmTC_696aa] Error 1
make[1]: Leaving directory '/home/iclab/Desktop/cat/build/CMakeFiles/CMakeTmp'
Makefile:126: recipe for target 'cmTC_696aa/fast' failed
make: *** [cmTC_696aa/fast] Error 2

File /home/iclab/Desktop/cat/build/CMakeFiles/CMakeTmp/CheckSymbolExists.c:
/* */
#include <pthread.h>

int main(int argc, char** argv)
{
  (void)argv;
#ifndef pthread_create
  return ((int*)(&pthread_create))[argc];
#else
  (void)argc;
  return 0;
#endif
}

Determining if the function pthread_create exists in the pthreads failed with the following output:
Change Dir: /home/iclab/Desktop/cat/build/CMakeFiles/CMakeTmp

Run Build Command:"/usr/bin/make" "cmTC_b30e1/fast"
/usr/bin/make -f CMakeFiles/cmTC_b30e1.dir/build.make CMakeFiles/cmTC_b30e1.dir/build
make[1]: Entering directory '/home/iclab/Desktop/cat/build/CMakeFiles/CMakeTmp'
Building C object CMakeFiles/cmTC_b30e1.dir/CheckFunctionExists.c.o
/usr/bin/cc    -DCHECK_FUNCTION_EXISTS=pthread_create   -o CMakeFiles/cmTC_b30e1.dir/CheckFunctionExists.c.o   -c /usr/share/cmake-3.5/Modules/CheckFunctionExists.c
Linking C executable cmTC_b30e1
/usr/bin/cmake -E cmake_link_script CMakeFiles/cmTC_b30e1.dir/link.txt --verbose=1
/usr/bin/cc   -DCHECK_FUNCTION_EXISTS=pthread_create    CMakeFiles/cmTC_b30e1.dir/CheckFunctionExists.c.o  -o cmTC_b30e1 -rdynamic -lpthreads 
/usr/bin/ld: cannot find -lpthreads
collect2: error: ld returned 1 exit status
CMakeFiles/cmTC_b30e1.dir/build.make:97: recipe for target 'cmTC_b30e1' failed
make[1]: *** [cmTC_b30e1] Error 1
make[1]: Leaving directory '/home/iclab/Desktop/cat/build/CMakeFiles/CMakeTmp'
Makefile:126: recipe for target 'cmTC_b30e1/fast' failed
make: *** [cmTC_b30e1/fast] Error 2


